c:\aaronsprojects\nightfall\x64\debug\vc143.pdb
c:\aaronsprojects\nightfall\x64\debug\vc143.idb
c:\aaronsprojects\nightfall\x64\debug\prop.obj
c:\aaronsprojects\nightfall\x64\debug\main.obj
c:\aaronsprojects\nightfall\x64\debug\inputhandler.obj
c:\aaronsprojects\nightfall\x64\debug\maincamera.obj
c:\aaronsprojects\nightfall\x64\debug\physicscomponent.obj
c:\aaronsprojects\nightfall\x64\debug\level.obj
c:\aaronsprojects\nightfall\x64\debug\heroinputcomponent.obj
c:\aaronsprojects\nightfall\x64\debug\inputcomponent.obj
c:\aaronsprojects\nightfall\x64\debug\herographicscomponent.obj
c:\aaronsprojects\nightfall\x64\debug\herophysicscomponent.obj
c:\aaronsprojects\nightfall\x64\debug\graphicscomponent.obj
c:\aaronsprojects\nightfall\x64\debug\game.obj
c:\aaronsprojects\nightfall\x64\debug\gamewindow.obj
c:\aaronsprojects\nightfall\x64\debug\gameobject.obj
c:\aaronsprojects\nightfall\x64\debug\animator.obj
c:\aaronsprojects\nightfall\x64\debug\nightfall.exe
c:\aaronsprojects\nightfall\x64\debug\nightfall.ilk
c:\aaronsprojects\nightfall\x64\debug\nightfall.pdb
c:\aaronsprojects\nightfall\x64\debug\raylib.dll
c:\aaronsprojects\nightfall\x64\debug\nightfall.tlog\cl.command.1.tlog
c:\aaronsprojects\nightfall\x64\debug\nightfall.tlog\cl.read.1.tlog
c:\aaronsprojects\nightfall\x64\debug\nightfall.tlog\cl.write.1.tlog
c:\aaronsprojects\nightfall\x64\debug\nightfall.tlog\link.command.1.tlog
c:\aaronsprojects\nightfall\x64\debug\nightfall.tlog\link.read.1.tlog
c:\aaronsprojects\nightfall\x64\debug\nightfall.tlog\link.write.1.tlog
c:\aaronsprojects\nightfall\x64\debug\nightfall.tlog\nightfall.write.1u.tlog
